<?xml version="1.0" encoding="UTF-8"?>
<!-- Generated by org.testng.reporters.JUnitReportReporter -->
<testsuite hostname="LTIN491391" failures="0" tests="3" name="runners.TestRunner" time="91.435" errors="0" timestamp="2025-07-15T13:03:42 IST" skipped="0">
  <testcase classname="runners.TestRunner" name="runScenario" time="25.770"/>
  <testcase classname="runners.TestRunner" name="runScenario" time="39.568"/>
  <testcase classname="runners.TestRunner" name="runScenario" time="26.097"/>
</testsuite> <!-- runners.TestRunner -->
