<?xml version="1.0" encoding="UTF-8"?>
<!-- Generated by org.testng.reporters.JUnitReportReporter -->
<testsuite hostname="LTIN491391" failures="0" tests="1" name="testngpackage.TravelInsuranceTest" time="8.473" errors="0" timestamp="2025-07-13T00:54:32 IST" skipped="0">
  <testcase classname="testngpackage.TravelInsuranceTest" name="testTravelInsuranceFlowStepByStep" time="8.473"/>
</testsuite> <!-- testngpackage.TravelInsuranceTest -->
