<?xml version="1.0" encoding="UTF-8"?>
<!-- Generated by org.testng.reporters.JUnitReportReporter -->
<testsuite hostname="LTIN491391" failures="0" tests="1" name="testngpackage.MedicalInsuranceTest" time="2.130" errors="0" timestamp="2025-07-12T22:10:09 IST" skipped="0">
  <testcase classname="testngpackage.MedicalInsuranceTest" name="testMedicalInsuranceOptions" time="2.130"/>
</testsuite> <!-- testngpackage.MedicalInsuranceTest -->
