<?xml version="1.0" encoding="UTF-8"?>
<!-- Generated by org.testng.reporters.JUnitReportReporter -->
<testsuite hostname="LTIN491391" failures="0" tests="1" name="testngpackage.CarInsuranceTest" time="11.357" errors="0" timestamp="2025-07-13T00:16:37 IST" skipped="0">
  <testcase classname="testngpackage.CarInsuranceTest" name="verifyErrorMessageForInvalidMobileNumber" time="11.357"/>
</testsuite> <!-- testngpackage.CarInsuranceTest -->
